mode: set
kfserving/pkg/apis/serving/v1alpha1/register.go:44.53,46.2 1 0
kfserving/pkg/apis/serving/v1alpha1/service_types.go:154.13,156.2 1 1
kfserving/pkg/apis/serving/v1alpha1/zz_generated.deepcopy.go:28.61,33.2 4 0
kfserving/pkg/apis/serving/v1alpha1/zz_generated.deepcopy.go:36.54,37.15 1 0
kfserving/pkg/apis/serving/v1alpha1/zz_generated.deepcopy.go:40.2,42.12 3 0
kfserving/pkg/apis/serving/v1alpha1/zz_generated.deepcopy.go:37.15,39.3 1 0
kfserving/pkg/apis/serving/v1alpha1/zz_generated.deepcopy.go:46.53,49.29 3 0
kfserving/pkg/apis/serving/v1alpha1/zz_generated.deepcopy.go:54.2,54.30 1 0
kfserving/pkg/apis/serving/v1alpha1/zz_generated.deepcopy.go:59.2,59.8 1 0
kfserving/pkg/apis/serving/v1alpha1/zz_generated.deepcopy.go:49.29,53.3 3 0
kfserving/pkg/apis/serving/v1alpha1/zz_generated.deepcopy.go:54.30,58.3 3 0
kfserving/pkg/apis/serving/v1alpha1/zz_generated.deepcopy.go:63.46,64.15 1 0
kfserving/pkg/apis/serving/v1alpha1/zz_generated.deepcopy.go:67.2,69.12 3 0
kfserving/pkg/apis/serving/v1alpha1/zz_generated.deepcopy.go:64.15,66.3 1 0
kfserving/pkg/apis/serving/v1alpha1/zz_generated.deepcopy.go:73.59,76.2 2 0
kfserving/pkg/apis/serving/v1alpha1/zz_generated.deepcopy.go:79.52,80.15 1 0
kfserving/pkg/apis/serving/v1alpha1/zz_generated.deepcopy.go:83.2,85.12 3 0
kfserving/pkg/apis/serving/v1alpha1/zz_generated.deepcopy.go:80.15,82.3 1 0
kfserving/pkg/apis/serving/v1alpha1/zz_generated.deepcopy.go:89.63,93.2 3 0
kfserving/pkg/apis/serving/v1alpha1/zz_generated.deepcopy.go:96.56,97.15 1 0
kfserving/pkg/apis/serving/v1alpha1/zz_generated.deepcopy.go:100.2,102.12 3 0
kfserving/pkg/apis/serving/v1alpha1/zz_generated.deepcopy.go:97.15,99.3 1 0
kfserving/pkg/apis/serving/v1alpha1/zz_generated.deepcopy.go:106.47,113.2 6 0
kfserving/pkg/apis/serving/v1alpha1/zz_generated.deepcopy.go:116.40,117.15 1 0
kfserving/pkg/apis/serving/v1alpha1/zz_generated.deepcopy.go:120.2,122.12 3 0
kfserving/pkg/apis/serving/v1alpha1/zz_generated.deepcopy.go:117.15,119.3 1 0
kfserving/pkg/apis/serving/v1alpha1/zz_generated.deepcopy.go:126.52,127.34 1 0
kfserving/pkg/apis/serving/v1alpha1/zz_generated.deepcopy.go:130.2,130.12 1 0
kfserving/pkg/apis/serving/v1alpha1/zz_generated.deepcopy.go:127.34,129.3 1 0
kfserving/pkg/apis/serving/v1alpha1/zz_generated.deepcopy.go:134.55,138.21 4 0
kfserving/pkg/apis/serving/v1alpha1/zz_generated.deepcopy.go:145.2,145.8 1 0
kfserving/pkg/apis/serving/v1alpha1/zz_generated.deepcopy.go:138.21,141.22 3 0
kfserving/pkg/apis/serving/v1alpha1/zz_generated.deepcopy.go:141.22,143.4 1 0
kfserving/pkg/apis/serving/v1alpha1/zz_generated.deepcopy.go:149.48,150.15 1 0
kfserving/pkg/apis/serving/v1alpha1/zz_generated.deepcopy.go:153.2,155.12 3 0
kfserving/pkg/apis/serving/v1alpha1/zz_generated.deepcopy.go:150.15,152.3 1 0
kfserving/pkg/apis/serving/v1alpha1/zz_generated.deepcopy.go:159.56,160.34 1 0
kfserving/pkg/apis/serving/v1alpha1/zz_generated.deepcopy.go:163.2,163.12 1 0
kfserving/pkg/apis/serving/v1alpha1/zz_generated.deepcopy.go:160.34,162.3 1 0
kfserving/pkg/apis/serving/v1alpha1/zz_generated.deepcopy.go:167.55,169.25 2 0
kfserving/pkg/apis/serving/v1alpha1/zz_generated.deepcopy.go:174.2,174.22 1 0
kfserving/pkg/apis/serving/v1alpha1/zz_generated.deepcopy.go:179.2,179.26 1 0
kfserving/pkg/apis/serving/v1alpha1/zz_generated.deepcopy.go:184.2,184.23 1 0
kfserving/pkg/apis/serving/v1alpha1/zz_generated.deepcopy.go:189.2,189.27 1 0
kfserving/pkg/apis/serving/v1alpha1/zz_generated.deepcopy.go:194.2,194.8 1 0
kfserving/pkg/apis/serving/v1alpha1/zz_generated.deepcopy.go:169.25,173.3 3 0
kfserving/pkg/apis/serving/v1alpha1/zz_generated.deepcopy.go:174.22,178.3 3 0
kfserving/pkg/apis/serving/v1alpha1/zz_generated.deepcopy.go:179.26,183.3 3 0
kfserving/pkg/apis/serving/v1alpha1/zz_generated.deepcopy.go:184.23,188.3 3 0
kfserving/pkg/apis/serving/v1alpha1/zz_generated.deepcopy.go:189.27,193.3 3 0
kfserving/pkg/apis/serving/v1alpha1/zz_generated.deepcopy.go:198.48,199.15 1 0
kfserving/pkg/apis/serving/v1alpha1/zz_generated.deepcopy.go:202.2,204.12 3 0
kfserving/pkg/apis/serving/v1alpha1/zz_generated.deepcopy.go:199.15,201.3 1 0
kfserving/pkg/apis/serving/v1alpha1/zz_generated.deepcopy.go:208.59,212.25 4 0
kfserving/pkg/apis/serving/v1alpha1/zz_generated.deepcopy.go:217.2,217.8 1 0
kfserving/pkg/apis/serving/v1alpha1/zz_generated.deepcopy.go:212.25,216.3 3 0
kfserving/pkg/apis/serving/v1alpha1/zz_generated.deepcopy.go:221.52,222.15 1 0
kfserving/pkg/apis/serving/v1alpha1/zz_generated.deepcopy.go:225.2,227.12 3 0
kfserving/pkg/apis/serving/v1alpha1/zz_generated.deepcopy.go:222.15,224.3 1 0
kfserving/pkg/apis/serving/v1alpha1/zz_generated.deepcopy.go:231.61,235.2 3 0
kfserving/pkg/apis/serving/v1alpha1/zz_generated.deepcopy.go:238.54,239.15 1 0
kfserving/pkg/apis/serving/v1alpha1/zz_generated.deepcopy.go:242.2,244.12 3 0
kfserving/pkg/apis/serving/v1alpha1/zz_generated.deepcopy.go:239.15,241.3 1 0
kfserving/pkg/apis/serving/v1alpha1/zz_generated.deepcopy.go:248.47,251.2 2 0
kfserving/pkg/apis/serving/v1alpha1/zz_generated.deepcopy.go:254.40,255.15 1 0
kfserving/pkg/apis/serving/v1alpha1/zz_generated.deepcopy.go:258.2,260.12 3 0
kfserving/pkg/apis/serving/v1alpha1/zz_generated.deepcopy.go:255.15,257.3 1 0
kfserving/pkg/apis/serving/v1alpha1/zz_generated.deepcopy.go:264.55,268.2 3 0
kfserving/pkg/apis/serving/v1alpha1/zz_generated.deepcopy.go:271.48,272.15 1 0
kfserving/pkg/apis/serving/v1alpha1/zz_generated.deepcopy.go:275.2,277.12 3 0
kfserving/pkg/apis/serving/v1alpha1/zz_generated.deepcopy.go:272.15,274.3 1 0
kfserving/pkg/controller/service/service_controller.go:50.37,52.2 1 0
kfserving/pkg/controller/service/service_controller.go:55.62,57.2 1 1
kfserving/pkg/controller/service/service_controller.go:60.61,63.16 2 1
kfserving/pkg/controller/service/service_controller.go:68.2,69.16 2 1
kfserving/pkg/controller/service/service_controller.go:75.2,79.16 2 1
kfserving/pkg/controller/service/service_controller.go:83.2,83.12 1 1
kfserving/pkg/controller/service/service_controller.go:63.16,65.3 1 0
kfserving/pkg/controller/service/service_controller.go:69.16,71.3 1 0
kfserving/pkg/controller/service/service_controller.go:79.16,81.3 1 0
kfserving/pkg/controller/service/service_controller.go:103.91,107.16 3 0
kfserving/pkg/controller/service/service_controller.go:119.2,141.90 2 0
kfserving/pkg/controller/service/service_controller.go:147.2,149.42 3 0
kfserving/pkg/controller/service/service_controller.go:159.2,159.49 1 0
kfserving/pkg/controller/service/service_controller.go:167.2,167.32 1 0
kfserving/pkg/controller/service/service_controller.go:107.16,108.29 1 0
kfserving/pkg/controller/service/service_controller.go:114.3,114.33 1 0
kfserving/pkg/controller/service/service_controller.go:108.29,112.4 1 0
kfserving/pkg/controller/service/service_controller.go:141.90,143.3 1 0
kfserving/pkg/controller/service/service_controller.go:149.42,153.3 3 0
kfserving/pkg/controller/service/service_controller.go:153.8,153.23 1 0
kfserving/pkg/controller/service/service_controller.go:153.23,155.3 1 0
kfserving/pkg/controller/service/service_controller.go:159.49,163.17 4 0
kfserving/pkg/controller/service/service_controller.go:163.17,165.4 1 0
